[    0.000000] Linux version 4.15.0-118-generic (buildd@lgw01-amd64-039) (gcc version 7.5.0 (Ubuntu 7.5.0-3ubuntu1~18.04)) #119-Ubuntu SMP Tue Sep 8 12:30:01 UTC 2020 (Ubuntu 4.15.0-118.119-generic 4.15.18)
[    0.000000] Command line: BOOT_IMAGE=/boot/vmlinuz-4.15.0-118-generic root=UUID=0d25fb07-437b-41a3-b651-1aeab249cb60 ro console=tty1 console=ttyS0
[    0.000000] KERNEL supported cpus:
[    0.000000]   Intel GenuineIntel
[    0.000000]   AMD AuthenticAMD
[    0.000000]   Centaur CentaurHauls
[    0.000000] x86/fpu: Supporting XSAVE feature 0x001: 'x87 floating point registers'
[    0.000000] x86/fpu: Supporting XSAVE feature 0x002: 'SSE registers'
[    0.000000] x86/fpu: Supporting XSAVE feature 0x004: 'AVX registers'
[    0.000000] x86/fpu: xstate_offset[2]:  576, xstate_sizes[2]:  256
[    0.000000] x86/fpu: Enabled xstate features 0x7, context size is 832 bytes, using 'standard' format.
[    0.000000] e820: BIOS-provided physical RAM map:
[    0.000000] BIOS-e820: [mem 0x0000000000000000-0x000000000009fbff] usable
[    0.000000] BIOS-e820: [mem 0x000000000009fc00-0x000000000009ffff] reserved
[    0.000000] BIOS-e820: [mem 0x00000000000f0000-0x00000000000fffff] reserved
[    0.000000] BIOS-e820: [mem 0x0000000000100000-0x000000003ffeffff] usable
[    0.000000] BIOS-e820: [mem 0x000000003fff0000-0x000000003fffffff] ACPI data
[    0.000000] BIOS-e820: [mem 0x00000000fec00000-0x00000000fec00fff] reserved
[    0.000000] BIOS-e820: [mem 0x00000000fee00000-0x00000000fee00fff] reserved
[    0.000000] BIOS-e820: [mem 0x00000000fffc0000-0x00000000ffffffff] reserved
[    0.000000] NX (Execute Disable) protection: active
[    0.000000] SMBIOS 2.5 present.
[    0.000000] DMI: innotek GmbH VirtualBox/VirtualBox, BIOS VirtualBox 12/01/2006
[    0.000000] Hypervisor detected: KVM
[    0.000000] e820: last_pfn = 0x3fff0 max_arch_pfn = 0x400000000
[    0.000000] MTRR: Disabled
[    0.000000] x86/PAT: MTRRs disabled, skipping PAT initialization too.
[    0.000000] CPU MTRRs all blank - virtualized system.
[    0.000000] x86/PAT: Configuration [0-7]: WB  WT  UC- UC  WB  WT  UC- UC  
[    0.000000] found SMP MP-table at [mem 0x0009fff0-0x0009ffff]
[    0.000000] Scanning 1 areas for low memory corruption
[    0.000000] RAMDISK: [mem 0x3595d000-0x36ca5fff]
[    0.000000] ACPI: Early table checksum verification disabled
[    0.000000] ACPI: RSDP 0x00000000000E0000 000024 (v02 VBOX  )
[    0.000000] ACPI: XSDT 0x000000003FFF0030 00003C (v01 VBOX   VBOXXSDT 00000001 ASL  00000061)
[    0.000000] ACPI: FACP 0x000000003FFF00F0 0000F4 (v04 VBOX   VBOXFACP 00000001 ASL  00000061)
[    0.000000] ACPI: DSDT 0x000000003FFF0470 0022EA (v02 VBOX   VBOXBIOS 00000002 INTL 20100528)
[    0.000000] ACPI: FACS 0x000000003FFF0200 000040
[    0.000000] ACPI: FACS 0x000000003FFF0200 000040
[    0.000000] ACPI: APIC 0x000000003FFF0240 00005C (v02 VBOX   VBOXAPIC 00000001 ASL  00000061)
[    0.000000] ACPI: SSDT 0x000000003FFF02A0 0001CC (v01 VBOX   VBOXCPUT 00000002 INTL 20100528)
[    0.000000] No NUMA configuration found
[    0.000000] Faking a node at [mem 0x0000000000000000-0x000000003ffeffff]
[    0.000000] NODE_DATA(0) allocated [mem 0x3ffc5000-0x3ffeffff]
[    0.000000] kvm-clock: cpu 0, msr 0:3ff44001, primary cpu clock
[    0.000000] kvm-clock: Using msrs 4b564d01 and 4b564d00
[    0.000000] kvm-clock: using sched offset of 3985478349 cycles
[    0.000000] clocksource: kvm-clock: mask: 0xffffffffffffffff max_cycles: 0x1cd42e4dffb, max_idle_ns: 881590591483 ns
[    0.000000] Zone ranges:
[    0.000000]   DMA      [mem 0x0000000000001000-0x0000000000ffffff]
[    0.000000]   DMA32    [mem 0x0000000001000000-0x000000003ffeffff]
[    0.000000]   Normal   empty
[    0.000000]   Device   empty
[    0.000000] Movable zone start for each node
[    0.000000] Early memory node ranges
[    0.000000]   node   0: [mem 0x0000000000001000-0x000000000009efff]
[    0.000000]   node   0: [mem 0x0000000000100000-0x000000003ffeffff]
[    0.000000] Reserved but unavailable: 98 pages
[    0.000000] Initmem setup node 0 [mem 0x0000000000001000-0x000000003ffeffff]
[    0.000000] ACPI: PM-Timer IO Port: 0x4008
[    0.000000] IOAPIC[0]: apic_id 2, version 32, address 0xfec00000, GSI 0-23
[    0.000000] ACPI: INT_SRC_OVR (bus 0 bus_irq 0 global_irq 2 dfl dfl)
[    0.000000] ACPI: INT_SRC_OVR (bus 0 bus_irq 9 global_irq 9 low level)
[    0.000000] Using ACPI (MADT) for SMP configuration information
[    0.000000] smpboot: Allowing 2 CPUs, 0 hotplug CPUs
[    0.000000] PM: Registered nosave memory: [mem 0x00000000-0x00000fff]
[    0.000000] PM: Registered nosave memory: [mem 0x0009f000-0x0009ffff]
[    0.000000] PM: Registered nosave memory: [mem 0x000a0000-0x000effff]
[    0.000000] PM: Registered nosave memory: [mem 0x000f0000-0x000fffff]
[    0.000000] e820: [mem 0x40000000-0xfebfffff] available for PCI devices
[    0.000000] Booting paravirtualized kernel on KVM
[    0.000000] clocksource: refined-jiffies: mask: 0xffffffff max_cycles: 0xffffffff, max_idle_ns: 7645519600211568 ns
[    0.000000] random: get_random_bytes called from start_kernel+0x99/0x500 with crng_init=0
[    0.000000] setup_percpu: NR_CPUS:8192 nr_cpumask_bits:2 nr_cpu_ids:2 nr_node_ids:1
[    0.000000] percpu: Embedded 45 pages/cpu s147456 r8192 d28672 u1048576
[    0.000000] PV qspinlock hash table entries: 256 (order: 0, 4096 bytes)
[    0.000000] Built 1 zonelists, mobility grouping on.  Total pages: 257913
[    0.000000] Policy zone: DMA32
[    0.000000] Kernel command line: BOOT_IMAGE=/boot/vmlinuz-4.15.0-118-generic root=UUID=0d25fb07-437b-41a3-b651-1aeab249cb60 ro console=tty1 console=ttyS0
[    0.000000] Memory: 982500K/1048120K available (12300K kernel code, 2482K rwdata, 4272K rodata, 2436K init, 2724K bss, 65620K reserved, 0K cma-reserved)
[    0.000000] SLUB: HWalign=64, Order=0-3, MinObjects=0, CPUs=2, Nodes=1
[    0.000000] Kernel/User page tables isolation: enabled
[    0.000000] ftrace: allocating 39396 entries in 154 pages
[    0.004000] Hierarchical RCU implementation.
[    0.004000] 	RCU restricting CPUs from NR_CPUS=8192 to nr_cpu_ids=2.
[    0.004000] 	Tasks RCU enabled.
[    0.004000] RCU: Adjusting geometry for rcu_fanout_leaf=16, nr_cpu_ids=2
[    0.004000] NR_IRQS: 524544, nr_irqs: 440, preallocated irqs: 16
[    0.004000] Console: colour VGA+ 80x25
[    0.004000] console [tty1] enabled
[    0.004000] console [ttyS0] enabled
[    0.004000] ACPI: Core revision 20170831
[    0.004000] ACPI: 2 ACPI AML tables successfully acquired and loaded
[    0.004000] APIC: Switch to symmetric I/O mode setup
[    0.004000] x2apic enabled
[    0.004000] Switched APIC routing to physical x2apic.
[    0.004000] ..TIMER: vector=0x30 apic1=0 pin1=2 apic2=-1 pin2=-1
[    0.004002] tsc: Detected 3095.998 MHz processor
[    0.004842] Calibrating delay loop (skipped) preset value.. 6191.99 BogoMIPS (lpj=12383992)
[    0.005534] pid_max: default: 32768 minimum: 301
[    0.008022] Security Framework initialized
[    0.008813] Yama: becoming mindful.
[    0.009576] AppArmor: AppArmor initialized
[    0.011612] Dentry cache hash table entries: 131072 (order: 8, 1048576 bytes)
[    0.012039] Inode-cache hash table entries: 65536 (order: 7, 524288 bytes)
[    0.013246] Mount-cache hash table entries: 2048 (order: 2, 16384 bytes)
[    0.014423] Mountpoint-cache hash table entries: 2048 (order: 2, 16384 bytes)
[    0.016195] Last level iTLB entries: 4KB 128, 2MB 8, 4MB 8
[    0.017189] Last level dTLB entries: 4KB 64, 2MB 0, 4MB 0, 1GB 4
[    0.018244] Spectre V1 : Mitigation: usercopy/swapgs barriers and __user pointer sanitization
[    0.020002] Spectre V2 : Mitigation: Full generic retpoline
[    0.020991] Spectre V2 : Spectre v2 / SpectreRSB mitigation: Filling RSB on context switch
[    0.022453] Speculative Store Bypass: Vulnerable
[    0.024032] SRBDS: Unknown: Dependent on hypervisor status
[    0.025004] MDS: Mitigation: Clear CPU buffers
[    0.025921] Freeing SMP alternatives memory: 36K
[    0.136055] smpboot: CPU0: Intel(R) Core(TM) i5-8600 CPU @ 3.10GHz (family: 0x6, model: 0x9e, stepping: 0xa)
[    0.138073] Performance Events: unsupported p6 CPU model 158 no PMU driver, software events only.
[    0.139669] Hierarchical SRCU implementation.
[    0.140552] NMI watchdog: Perf event create on CPU 0 failed with -2
[    0.141660] NMI watchdog: Perf NMI watchdog permanently disabled
[    0.142746] smp: Bringing up secondary CPUs ...
[    0.144054] x86: Booting SMP configuration:
[    0.144820] .... node  #0, CPUs:      #1
[    0.004000] kvm-clock: cpu 1, msr 0:3ff44041, secondary cpu clock
[    0.148012] smp: Brought up 1 node, 2 CPUs
[    0.149076] smpboot: Max logical packages: 1
[    0.149906] smpboot: Total of 2 processors activated (12383.99 BogoMIPS)
[    0.152032] devtmpfs: initialized
[    0.152682] x86/mm: Memory block size: 128MB
[    0.153581] evm: security.selinux
[    0.154210] evm: security.SMACK64
[    0.154832] evm: security.SMACK64EXEC
[    0.155510] evm: security.SMACK64TRANSMUTE
[    0.156002] evm: security.SMACK64MMAP
[    0.156790] evm: security.apparmor
[    0.157430] evm: security.ima
[    0.157997] evm: security.capability
[    0.158689] clocksource: jiffies: mask: 0xffffffff max_cycles: 0xffffffff, max_idle_ns: 7645041785100000 ns
[    0.160006] futex hash table entries: 512 (order: 3, 32768 bytes)
[    0.162211] pinctrl core: initialized pinctrl subsystem
[    0.164074] RTC time: 16:03:36, date: 07/13/21
[    0.164993] NET: Registered protocol family 16
[    0.165853] audit: initializing netlink subsys (disabled)
[    0.166834] audit: type=2000 audit(1626192221.865:1): state=initialized audit_enabled=0 res=1
[    0.168008] cpuidle: using governor ladder
[    0.169067] cpuidle: using governor menu
[    0.169820] ACPI: bus type PCI registered
[    0.172002] acpiphp: ACPI Hot Plug PCI Controller Driver version: 0.5
[    0.173344] PCI: Using configuration type 1 for base access
[    0.174460] HugeTLB registered 2.00 MiB page size, pre-allocated 0 pages
[    0.180111] ACPI: Added _OSI(Module Device)
[    0.181726] ACPI: Added _OSI(Processor Device)
[    0.182993] ACPI: Added _OSI(3.0 _SCP Extensions)
[    0.184006] ACPI: Added _OSI(Processor Aggregator Device)
[    0.185222] ACPI: Added _OSI(Linux-Dell-Video)
[    0.186095] ACPI: Added _OSI(Linux-Lenovo-NV-HDMI-Audio)
[    0.187056] ACPI: Added _OSI(Linux-HPI-Hybrid-Graphics)
[    0.188354] ACPI: Executed 1 blocks of module-level executable AML code
[    0.192870] ACPI: Interpreter enabled
[    0.193619] ACPI: (supports S0 S5)
[    0.194266] ACPI: Using IOAPIC for interrupt routing
[    0.195326] PCI: Using host bridge windows from ACPI; if necessary, use "pci=nocrs" and report a bug
[    0.196171] ACPI: Enabled 2 GPEs in block 00 to 07
[    0.203417] ACPI: PCI Root Bridge [PCI0] (domain 0000 [bus 00-ff])
[    0.204005] acpi PNP0A03:00: _OSC: OS supports [ASPM ClockPM Segments MSI]
[    0.205949] acpi PNP0A03:00: _OSC: not requesting OS control; OS requires [ExtendedConfig ASPM ClockPM MSI]
[    0.208008] acpi PNP0A03:00: fail to add MMCONFIG information, can't access extended PCI configuration space under this bridge.
[    0.210431] PCI host bridge to bus 0000:00
[    0.211198] pci_bus 0000:00: root bus resource [io  0x0000-0x0cf7 window]
[    0.212002] pci_bus 0000:00: root bus resource [io  0x0d00-0xffff window]
[    0.213235] pci_bus 0000:00: root bus resource [mem 0x000a0000-0x000bffff window]
[    0.214604] pci_bus 0000:00: root bus resource [mem 0x40000000-0xfdffffff window]
[    0.216002] pci_bus 0000:00: root bus resource [bus 00-ff]
[    0.220405] pci 0000:00:01.1: legacy IDE quirk: reg 0x10: [io  0x01f0-0x01f7]
[    0.222207] pci 0000:00:01.1: legacy IDE quirk: reg 0x14: [io  0x03f6]
[    0.223374] pci 0000:00:01.1: legacy IDE quirk: reg 0x18: [io  0x0170-0x0177]
[    0.224003] pci 0000:00:01.1: legacy IDE quirk: reg 0x1c: [io  0x0376]
[    0.238926] pci 0000:00:07.0: quirk: [io  0x4000-0x403f] claimed by PIIX4 ACPI
[    0.240023] pci 0000:00:07.0: quirk: [io  0x4100-0x410f] claimed by PIIX4 SMB
[    0.247391] ACPI: PCI Interrupt Link [LNKA] (IRQs 5 9 10 *11)
[    0.248255] ACPI: PCI Interrupt Link [LNKB] (IRQs 5 9 *10 11)
[    0.249429] ACPI: PCI Interrupt Link [LNKC] (IRQs 5 *9 10 11)
[    0.250586] ACPI: PCI Interrupt Link [LNKD] (IRQs 5 9 10 *11)
[    0.252304] SCSI subsystem initialized
[    0.253095] pci 0000:00:02.0: vgaarb: setting as boot VGA device
[    0.253140] pci 0000:00:02.0: vgaarb: VGA device added: decodes=io+mem,owns=io+mem,locks=none
[    0.256009] pci 0000:00:02.0: vgaarb: bridge control possible
[    0.257331] vgaarb: loaded
[    0.257914] ACPI: bus type USB registered
[    0.258703] usbcore: registered new interface driver usbfs
[    0.259746] usbcore: registered new interface driver hub
[    0.260018] usbcore: registered new device driver usb
[    0.261019] EDAC MC: Ver: 3.0.0
[    0.261019] PCI: Using ACPI for IRQ routing
[    0.264116] NetLabel: Initializing
[    0.264785] NetLabel:  domain hash size = 128
[    0.265622] NetLabel:  protocols = UNLABELED CIPSOv4 CALIPSO
[    0.266690] NetLabel:  unlabeled traffic allowed by default
[    0.267758] clocksource: Switched to clocksource kvm-clock
[    0.275215] VFS: Disk quotas dquot_6.6.0
[    0.276009] VFS: Dquot-cache hash table entries: 512 (order 0, 4096 bytes)
[    0.277404] AppArmor: AppArmor Filesystem Enabled
[    0.278310] pnp: PnP ACPI init
[    0.279896] pnp: PnP ACPI: found 3 devices
[    0.288336] clocksource: acpi_pm: mask: 0xffffff max_cycles: 0xffffff, max_idle_ns: 2085701024 ns
[    0.290291] NET: Registered protocol family 2
[    0.291478] TCP established hash table entries: 8192 (order: 4, 65536 bytes)
[    0.292893] TCP bind hash table entries: 8192 (order: 5, 131072 bytes)
[    0.295110] TCP: Hash tables configured (established 8192 bind 8192)
[    0.296296] UDP hash table entries: 512 (order: 2, 16384 bytes)
[    0.297373] UDP-Lite hash table entries: 512 (order: 2, 16384 bytes)
[    0.298529] NET: Registered protocol family 1
[    0.299343] pci 0000:00:00.0: Limiting direct PCI/PCI transfers
[    0.300459] pci 0000:00:01.0: Activating ISA DMA hang workarounds
[    0.301598] pci 0000:00:02.0: Video device with shadowed ROM at [mem 0x000c0000-0x000dffff]
[    0.303456] Unpacking initramfs...
[    0.527764] Freeing initrd memory: 19748K
[    0.528909] clocksource: tsc: mask: 0xffffffffffffffff max_cycles: 0x2ca082f6619, max_idle_ns: 440795220240 ns
[    0.531034] platform rtc_cmos: registered platform RTC device (no PNP device found)
[    0.532475] Scanning for low memory corruption every 60 seconds
[    0.533965] Initialise system trusted keyrings
[    0.534791] Key type blacklist registered
[    0.535574] workingset: timestamp_bits=36 max_order=18 bucket_order=0
[    0.537720] zbud: loaded
[    0.538866] squashfs: version 4.0 (2009/01/31) Phillip Lougher
[    0.540261] fuse init (API version 7.26)
[    0.542713] Key type asymmetric registered
[    0.543600] Asymmetric key parser 'x509' registered
[    0.544588] Block layer SCSI generic (bsg) driver version 0.4 loaded (major 246)
[    0.545972] io scheduler noop registered
[    0.546738] io scheduler deadline registered
[    0.547542] io scheduler cfq registered (default)
[    0.548840] ACPI: AC Adapter [AC] (on-line)
[    0.549713] input: Power Button as /devices/LNXSYSTM:00/LNXPWRBN:00/input/input0
[    0.551232] ACPI: Power Button [PWRF]
[    0.552199] input: Sleep Button as /devices/LNXSYSTM:00/LNXSLPBN:00/input/input1
[    0.553774] ACPI: Sleep Button [SLPF]
[    0.554773] Serial: 8250/16550 driver, 32 ports, IRQ sharing enabled
[    0.576786] 00:02: ttyS0 at I/O 0x3f8 (irq = 4, base_baud = 115200) is a 16550A
[    0.580904] Linux agpgart interface v0.103
[    0.584444] loop: module loaded
[    0.585524] scsi host0: ata_piix
[    0.586238] scsi host1: ata_piix
[    0.586876] ata1: PATA max UDMA/33 cmd 0x1f0 ctl 0x3f6 bmdma 0xd000 irq 14
[    0.588088] ata2: PATA max UDMA/33 cmd 0x170 ctl 0x376 bmdma 0xd008 irq 15
[    0.589885] libphy: Fixed MDIO Bus: probed
[    0.591019] tun: Universal TUN/TAP device driver, 1.6
[    0.592036] PPP generic driver version 2.4.2
[    0.593172] ehci_hcd: USB 2.0 'Enhanced' Host Controller (EHCI) Driver
[    0.594528] ehci-pci: EHCI PCI platform driver
[    0.595344] ehci-platform: EHCI generic platform driver
[    0.596314] ohci_hcd: USB 1.1 'Open' Host Controller (OHCI) Driver
[    0.597408] ohci-pci: OHCI PCI platform driver
[    0.598221] ohci-platform: OHCI generic platform driver
[    0.599245] uhci_hcd: USB Universal Host Controller Interface driver
[    0.600418] i8042: PNP: PS/2 Controller [PNP0303:PS2K,PNP0f03:PS2M] at 0x60,0x64 irq 1,12
[    0.602258] serio: i8042 KBD port at 0x60,0x64 irq 1
[    0.603254] serio: i8042 AUX port at 0x60,0x64 irq 12
[    0.604396] mousedev: PS/2 mouse device common for all mice
[    0.606304] input: AT Translated Set 2 keyboard as /devices/platform/i8042/serio0/input/input2
[    0.608116] rtc_cmos rtc_cmos: rtc core: registered rtc_cmos as rtc0
[    0.609306] rtc_cmos rtc_cmos: alarms up to one day, 114 bytes nvram
[    0.610445] i2c /dev entries driver
[    0.611134] device-mapper: uevent: version 1.0.3
[    0.613966] device-mapper: ioctl: 4.37.0-ioctl (2017-09-20) initialised: dm-devel@redhat.com
[    0.616178] ledtrig-cpu: registered to indicate activity on CPUs
[    0.617527] NET: Registered protocol family 10
[    0.621183] Segment Routing with IPv6
[    0.622309] NET: Registered protocol family 17
[    0.623179] Key type dns_resolver registered
[    0.624133] mce: Using 0 MCE banks
[    0.624964] RAS: Correctable Errors collector initialized.
[    0.626371] sched_clock: Marking stable (624115256, 0)->(763746819, -139631563)
[    0.628362] registered taskstats version 1
[    0.629396] Loading compiled-in X.509 certificates
[    0.631964] Loaded X.509 cert 'Build time autogenerated kernel key: 12f2d460e247d21dc5d156478bb7d4abc0f5a070'
[    0.634080] zswap: loaded using pool lzo/zbud
[    0.637971] Key type big_key registered
[    0.638755] Key type trusted registered
[    0.641252] Key type encrypted registered
[    0.642034] AppArmor: AppArmor sha1 policy hashing enabled
[    0.643044] ima: No TPM chip found, activating TPM-bypass! (rc=-19)
[    0.644178] ima: Allocated hash algorithm: sha1
[    0.645063] evm: HMAC attrs: 0x1
[    0.645913]   Magic number: 13:193:85
[    0.646605]   hash matches /build/linux-eWb6zI/linux-4.15.0/drivers/base/power/main.c:1241
[    0.648191] rtc_cmos rtc_cmos: setting system clock to 2021-07-13 16:03:36 UTC (1626192216)
[    0.649774] BIOS EDD facility v0.16 2004-Jun-25, 0 devices found
[    0.650865] EDD information not available.
[    0.755428] Freeing unused kernel image memory: 2436K
[    0.783379] Write protecting the kernel read-only data: 20480k
[    0.786279] Freeing unused kernel image memory: 2008K
[    0.787941] Freeing unused kernel image memory: 1872K
[    0.793876] x86/mm: Checked W+X mappings: passed, no W+X pages found.
[    0.795389] x86/mm: Checking user space page tables
[    0.801141] x86/mm: Checked W+X mappings: passed, no W+X pages found.
Loading, please wait...
starting version 237
[    0.846351] Fusion MPT base driver 3.04.20
[    0.847619] Copyright (c) 1999-2008 LSI Corporation
[    0.851198] Fusion MPT SPI Host driver 3.04.20
[    0.854112] e1000: Intel(R) PRO/1000 Network Driver - version 7.3.21-k8-NAPI
[    0.855811] e1000: Copyright (c) 1999-2006 Intel Corporation.
[    0.860207] mptbase: ioc0: Initiating bringup
[    0.867377] AVX2 version of gcm_enc/dec engaged.
[    0.868615] AES CTR mode by8 optimization enabled
[    0.968332] ioc0: LSI53C1030 A0: Capabilities={Initiator}
[    1.064117] input: ImExPS/2 Generic Explorer Mouse as /devices/platform/i8042/serio1/input/input4
[    1.215907] scsi host2: ioc0: LSI53C1030 A0, FwRev=00000000h, Ports=1, MaxQ=256, IRQ=20
[    1.385383] scsi 2:0:0:0: Direct-Access     VBOX     HARDDISK         1.0  PQ: 0 ANSI: 5
[    1.420508] scsi target2:0:0: Beginning Domain Validation
[    1.437491] scsi target2:0:0: Domain Validation skipping write tests
[    1.438873] scsi target2:0:0: Ending Domain Validation
[    1.440042] scsi target2:0:0: asynchronous
[    1.454362] scsi 2:0:1:0: Direct-Access     VBOX     HARDDISK         1.0  PQ: 0 ANSI: 5
[    1.491638] scsi target2:0:1: Beginning Domain Validation
[    1.501467] random: fast init done
[    1.502486] scsi target2:0:1: Domain Validation skipping write tests
[    1.503645] scsi target2:0:1: Ending Domain Validation
[    1.504694] scsi target2:0:1: asynchronous
[    1.508378] sd 2:0:0:0: [sda] 20971520 512-byte logical blocks: (10.7 GB/10.0 GiB)
[    1.509814] sd 2:0:0:0: [sda] Write Protect is off
[    1.510765] sd 2:0:0:0: [sda] Incomplete mode parameter data
[    1.511486] random: systemd-udevd: uninitialized urandom read (16 bytes read)
[    1.511781] sd 2:0:0:0: [sda] Assuming drive cache: write through
[    1.513047] random: systemd-udevd: uninitialized urandom read (16 bytes read)
[    1.514099] sd 2:0:0:0: Attached scsi generic sg0 type 0
[    1.515320] random: systemd-udevd: uninitialized urandom read (16 bytes read)
[    1.520452] sd 2:0:1:0: Attached scsi generic sg1 type 0
[    1.529657] sd 2:0:1:0: [sdb] 20480 512-byte logical blocks: (10.5 MB/10.0 MiB)
[    1.531440] sd 2:0:1:0: [sdb] Write Protect is off
[    1.536904] sd 2:0:1:0: [sdb] Incomplete mode parameter data
[    1.538217] sd 2:0:1:0: [sdb] Assuming drive cache: write through
[    1.539645]  sda: sda1
[    1.540731] sd 2:0:0:0: [sda] Attached SCSI disk
[    1.546204] sd 2:0:1:0: [sdb] Attached SCSI disk
[    1.805138] e1000 0000:00:03.0 eth0: (PCI:33MHz:32-bit) 02:b7:5c:02:92:a2
[    1.806701] e1000 0000:00:03.0 eth0: Intel(R) PRO/1000 Network Connection
[    1.808610] e1000 0000:00:03.0 enp0s3: renamed from eth0
Begin: Loading essential drivers ... [    3.141009] raid6: sse2x1   gen() 14832 MB/s
[    3.188043] raid6: sse2x1   xor() 10581 MB/s
[    3.236149] raid6: sse2x2   gen() 17989 MB/s
[    3.284019] raid6: sse2x2   xor() 12071 MB/s
[    3.332247] raid6: sse2x4   gen() 20728 MB/s
[    3.380668] raid6: sse2x4   xor() 13396 MB/s
[    3.428196] raid6: avx2x1   gen() 29194 MB/s
[    3.476589] raid6: avx2x1   xor() 20670 MB/s
[    3.524573] raid6: avx2x2   gen() 32712 MB/s
[    3.572250] raid6: avx2x2   xor() 22264 MB/s
[    3.620129] raid6: avx2x4   gen() 40474 MB/s
[    3.668085] raid6: avx2x4   xor() 23463 MB/s
[    3.669179] raid6: using algorithm avx2x4 gen() 40474 MB/s
[    3.670132] raid6: .... xor() 23463 MB/s, rmw enabled
[    3.671015] raid6: using avx2x2 recovery algorithm
[    3.673354] xor: automatically using best checksumming function   avx       
[    3.676110] async_tx: api initialized (async)
done.
Begin: Running /scripts/init-premount ... done.
Begin: Mounting root file system ... Begin: Running /scripts/local-top ... done.
Begin: Running /scripts/local-premount ... [    3.708797] Btrfs loaded, crc32c=crc32c-intel
Scanning for Btrfs filesystems
done.
Warning: fsck not present, so skipping root file system
[    3.756191] EXT4-fs (sda1): mounted filesystem with ordered data mode. Opts: (null)
done.
Begin: Running /scripts/local-bottom ... done.
Begin: Running /scripts/init-bottom ... done.
[    4.885082] ip_tables: (C) 2000-2006 Netfilter Core Team
[    4.935959] systemd[1]: systemd 237 running in system mode. (+PAM +AUDIT +SELINUX +IMA +APPARMOR +SMACK +SYSVINIT +UTMP +LIBCRYPTSETUP +GCRYPT +GNUTLS +ACL +XZ +LZ4 +SECCOMP +BLKID +ELFUTILS +KMOD -IDN2 +IDN -PCRE2 default-hierarchy=hybrid)
[    4.940363] systemd[1]: Detected virtualization oracle.
[    4.941327] systemd[1]: Detected architecture x86-64.

Welcome to [1mUbuntu 18.04.3 LTS[0m!

[    4.978803] systemd[1]: Set hostname to <ubuntu-bionic>.
[    5.792679] random: crng init done
[    5.793726] random: 7 urandom warning(s) missed due to ratelimiting
[    6.364353] systemd[1]: Set up automount Arbitrary Executable File Formats File System Automount Point.
[[0;32m  OK  [0m] Set up automount Arbitrary Executab…rmats File System Automount Point.
[    6.367873] systemd[1]: Reached target Swap.
[[0;32m  OK  [0m] Reached target Swap.
[    6.369334] systemd[1]: Reached target System Time Synchronized.
[[0;32m  OK  [0m] Reached target System Time Synchronized.
[    6.371408] systemd[1]: Started Forward Password Requests to Wall Directory Watch.
[[0;32m  OK  [0m] Started Forward Password Requests to Wall Directory Watch.
[    6.376701] systemd[1]: Created slice User and Session Slice.
[[0;32m  OK  [0m] Created slice User and Session Slice.
[    6.379183] systemd[1]: Reached target User and Group Name Lookups.
[[0;32m  OK  [0m] Reached target User and Group Name Lookups.
[[0;32m  OK  [0m] Created slice System Slice.
[[0;32m  OK  [0m] Listening on Journal Socket.
[[0;32m  OK  [0m] Listening on LVM2 metadata daemon socket.
[[0;32m  OK  [0m] Listening on Journal Socket (/dev/log).
[[0;32m  OK  [0m] Listening on LVM2 poll daemon socket.
         Starting Load Kernel Modules...
[[0;32m  OK  [0m] Created slice system-serial\x2dgetty.slice.
[[0;32m  OK  [0m] Reached target Slices.
         Mounting POSIX Message Queue File System...
         Starting Uncomplicated firewall...
[[0;32m  OK  [0m] Listening on Network Service Netlink Socket.
[    6.453788] Loading iSCSI transport class v2.0-870.
[[0;32m  OK  [0m] Listening on udev Kernel Socket.
         Starting Remount Root and Kernel File Systems...
         Starting Create list of required st…ce nodes for the current kernel...
[    6.477682] iscsi: registered transport (tcp)
[[0;32m  OK  [0m] Listening on Syslog Socket.
         Mounting Kernel Debug File System...
[[0;32m  OK  [0m] Listening on /dev/initctl Compatibility Named Pipe.
[[0;32m  OK  [0m] Listening on udev Control Socket.
         Starting udev Coldplug all Devices...
[    6.537455] iscsi: registered transport (iser)
         Mounting Huge Pages File System...
         Starting Set the console keyboard layout...
[[0;32m  OK  [0m] Listening on Device-mapper event daemon FIFOs.
         Starting Monitoring of LVM2 mirrors…ng dmeventd or progress polling...
[[0;32m  OK  [0m] Listening on Journal Audit Socket.
         Starting Journal Service...
[[0;32m  OK  [0m] Started Load Kernel Modules.
         Starting Apply Kernel Variables...
         Mounting Kernel Configuration File System...
         Mounting FUSE Control File System...
[[0;32m  OK  [0m] Mounted POSIX Message Queue File System.
[[0;32m  OK  [0m] Mounted Kernel Debug File System.
[[0;32m  OK  [0m] Mounted Huge Pages File System.
[[0;32m  OK  [0m] Started Uncomplicated firewall.
[[0;32m  OK  [0m] Started udev Coldplug all Devices.
[[0;32m  OK  [0m] Mounted Kernel Configuration File System.
[[0;32m  OK  [0m] Mounted FUSE Control File System.
[[0;32m  OK  [0m] Started Create list of required sta…vice nodes for the current kernel.
         Starting Create Static Device Nodes in /dev...
[[0;32m  OK  [0m] Started Journal Service.
[[0;32m  OK  [0m] Started Remount Root and Kernel File Systems.
         Starting Flush Journal to Persistent Storage...
         Starting Load/Save Random Seed...
[[0;32m  OK  [0m] Started Apply Kernel Variables.
[[0;32m  OK  [0m] Started Load/Save Random Seed.
[[0;32m  OK  [0m] Started LVM2 metadata daemon.
[[0;32m  OK  [0m] Started Create Static Device Nodes in /dev.
         Starting udev Kernel Device Manager...
[[0;32m  OK  [0m] Started Set the console keyboard layout.
[[0;32m  OK  [0m] Started Monitoring of LVM2 mirrors,…sing dmeventd or progress polling.
[[0;32m  OK  [0m] Reached target Local File Systems (Pre).
[[0;32m  OK  [0m] Reached target Local File Systems.
         Starting Set console font and keymap...
         Starting Tell Plymouth To Write Out Runtime Data...
         Starting ebtables ruleset management...
         Starting AppArmor initialization...
[[0;32m  OK  [0m] Started Set console font and keymap.
[[0;32m  OK  [0m] Started Tell Plymouth To Write Out Runtime Data.
[[0;32m  OK  [0m] Started udev Kernel Device Manager.
[[0;32m  OK  [0m] Started Dispatch Password Requests to Console Directory Watch.
[[0;32m  OK  [0m] Reached target Local Encrypted Volumes.
[[0;32m  OK  [0m] Found device /dev/ttyS0.
[[0;32m  OK  [0m] Started ebtables ruleset management.
[[0;32m  OK  [0m] Listening on Load/Save RF Kill Switch Status /dev/rfkill Watch.
[[0;32m  OK  [0m] Started Flush Journal to Persistent Storage.
         Starting Create Volatile Files and Directories...
[[0;32m  OK  [0m] Started Create Volatile Files and Directories.
         Starting Update UTMP about System Boot/Shutdown...
[[0;32m  OK  [0m] Started Update UTMP about System Boot/Shutdown.
[[0;32m  OK  [0m] Started AppArmor initialization.
         Starting Initial cloud-init job (pre-networking)...
         Starting Load AppArmor profiles managed internally by snapd...
[[0;32m  OK  [0m] Started Load AppArmor profiles managed internally by snapd.
[   12.403231] cloud-init[550]: Cloud-init v. 19.2-24-ge7881d5c-0ubuntu1~18.04.1 running 'init-local' at Tue, 13 Jul 2021 16:03:47 +0000. Up 12.02 seconds.
[[0;32m  OK  [0m] Started Initial cloud-init job (pre-networking).
[[0;32m  OK  [0m] Reached target Network (Pre).
         Starting Network Service...
[[0;32m  OK  [0m] Started Network Service.
         Starting Network Name Resolution...
         Starting Wait for Network to be Configured...
[[0;32m  OK  [0m] Started Network Name Resolution.
[[0;32m  OK  [0m] Reached target Host and Network Name Lookups.
[[0;32m  OK  [0m] Reached target Network.
[[0;32m  OK  [0m] Started Wait for Network to be Configured.
         Starting Initial cloud-init job (metadata service crawler)...
[   14.953473] cloud-init[684]: Cloud-init v. 19.2-24-ge7881d5c-0ubuntu1~18.04.1 running 'init' at Tue, 13 Jul 2021 16:03:50 +0000. Up 14.84 seconds.
[   14.954736] cloud-init[684]: ci-info: ++++++++++++++++++++++++++++++++++++++Net device info++++++++++++++++++++++++++++++++++++++
[   14.964777] cloud-init[684]: ci-info: +--------+------+----------------------------+---------------+--------+-------------------+
[   14.966682] cloud-init[684]: ci-info: | Device |  Up  |          Address           |      Mask     | Scope  |     Hw-Address    |
[   14.981393] cloud-init[684]: ci-info: +--------+------+----------------------------+---------------+--------+-------------------+
[   14.983104] cloud-init[684]: ci-info: | enp0s3 | True |         10.0.2.15          | 255.255.255.0 | global | 02:b7:5c:02:92:a2 |
[   14.984760] cloud-init[684]: ci-info: | enp0s3 | True | fe80::b7:5cff:fe02:92a2/64 |       .       |  link  | 02:b7:5c:02:92:a2 |
[   14.986594] cloud-init[684]: ci-info: |   lo   | True |         127.0.0.1          |   255.0.0.0   |  host  |         .         |
[   14.988091] cloud-init[684]: ci-info: |   lo   | True |          ::1/128           |       .       |  host  |         .         |
[   14.989751] cloud-init[684]: ci-info: +--------+------+----------------------------+---------------+--------+-------------------+
[   14.991486] cloud-init[684]: ci-info: ++++++++++++++++++++++++++++Route IPv4 info+++++++++++++++++++++++++++++
[   14.993049] cloud-init[684]: ci-info: +-------+-------------+----------+-----------------+-----------+-------+
[   14.994546] cloud-init[684]: ci-info: | Route | Destination | Gateway  |     Genmask     | Interface | Flags |
[   14.996033] cloud-init[684]: ci-info: +-------+-------------+----------+-----------------+-----------+-------+
[   14.997546] cloud-init[684]: ci-info: |   0   |   0.0.0.0   | 10.0.2.2 |     0.0.0.0     |   enp0s3  |   UG  |
[   14.999029] cloud-init[684]: ci-info: |   1   |   10.0.2.0  | 0.0.0.0  |  255.255.255.0  |   enp0s3  |   U   |
[   15.000611] cloud-init[684]: ci-info: |   2   |   10.0.2.2  | 0.0.0.0  | 255.255.255.255 |   enp0s3  |   UH  |
[   15.002096] cloud-init[684]: ci-info: +-------+-------------+----------+-----------------+-----------+-------+
[   15.003515] cloud-init[684]: ci-info: +++++++++++++++++++Route IPv6 info+++++++++++++++++++
[   15.004844] cloud-init[684]: ci-info: +-------+-------------+---------+-----------+-------+
[   15.006136] cloud-init[684]: ci-info: | Route | Destination | Gateway | Interface | Flags |
[   15.007408] cloud-init[684]: ci-info: +-------+-------------+---------+-----------+-------+
[   15.008698] cloud-init[684]: ci-info: |   1   |  fe80::/64  |    ::   |   enp0s3  |   U   |
[   15.009989] cloud-init[684]: ci-info: |   3   |    local    |    ::   |   enp0s3  |   U   |
[   15.011265] cloud-init[684]: ci-info: |   4   |   ff00::/8  |    ::   |   enp0s3  |   U   |
[   15.012582] cloud-init[684]: ci-info: +-------+-------------+---------+-----------+-------+
[[0;32m  OK  [0m] Started Initial cloud-init job (metadata service crawler).
[[0;32m  OK  [0m] Reached target Cloud-config availability.
[[0;32m  OK  [0m] Reached target Network is Online.
[[0;32m  OK  [0m] Reached target Remote File Systems (Pre).
[[0;32m  OK  [0m] Reached target Remote File Systems.
         Starting Availability of block devices...
[[0;32m  OK  [0m] Reached target System Initialization.
[[0;32m  OK  [0m] Started Discard unused blocks once a week.
[[0;32m  OK  [0m] Started ACPI Events Check.
[[0;32m  OK  [0m] Reached target Paths.
[[0;32m  OK  [0m] Listening on ACPID Listen Socket.
[[0;32m  OK  [0m] Listening on Open-iSCSI iscsid Socket.
[[0;32m  OK  [0m] Started Daily Cleanup of Temporary Directories.
         Starting LXD - unix socket.
[[0;32m  OK  [0m] Listening on D-Bus System Message Bus Socket.
[[0;32m  OK  [0m] Started Daily apt download activities.
[[0;32m  OK  [0m] Started Daily apt upgrade and clean activities.
[[0;32m  OK  [0m] Listening on UUID daemon activation socket.
         Starting Socket activation for snappy daemon.
[[0;32m  OK  [0m] Started Message of the Day.
[[0;32m  OK  [0m] Reached target Timers.
[[0;32m  OK  [0m] Started Availability of block devices.
[[0;32m  OK  [0m] Listening on LXD - unix socket.
[[0;32m  OK  [0m] Listening on Socket activation for snappy daemon.
[[0;32m  OK  [0m] Reached target Sockets.
[[0;32m  OK  [0m] Reached target Basic System.
[[0;32m  OK  [0m] Started FUSE filesystem for LXC.
         Starting LSB: Record successful boot for GRUB...
[[0;32m  OK  [0m] Started Deferred execution scheduler.
         Starting LXD - container startup/shutdown...
         Starting Permit User Sessions...
         Starting Discard unused blocks...
         Starting Message of the Day...
         Starting System Logging Service...
[[0;32m  OK  [0m] Started D-Bus System Message Bus.
         Starting LSB: automatic crash report generation...
         Starting Dispatcher daemon for systemd-networkd...
         Starting Accounts Service...
         Starting Snap Daemon...
[[0;32m  OK  [0m] Started irqbalance daemon.
         Starting Virtualbox guest utils...
         Starting Login Service...
         Starting OpenBSD Secure Shell server...
[[0;32m  OK  [0m] Started Regular background program processing daemon.
[[0;32m  OK  [0m] Started System Logging Service.
[[0;32m  OK  [0m] Started Permit User Sessions.
[[0;32m  OK  [0m] Started Discard unused blocks.
[[0;32m  OK  [0m] Started Login Service.
[[0;32m  OK  [0m] Started Unattended Upgrades Shutdown.
         Starting Authorization Manager...
         Starting Hold until boot process finishes up...
         Starting Terminate Plymouth Boot Screen...
[[0;32m  OK  [0m] Started Hold until boot process finishes up.
[[0;32m  OK  [0m] Started Terminate Plymouth Boot Screen.
         Starting Set console scheme...
[[0;32m  OK  [0m] Started Serial Getty on ttyS0.
[[0;32m  OK  [0m] Started LSB: automatic crash report generation.
[[0;32m  OK  [0m] Started Set console scheme.
[[0;32m  OK  [0m] Created slice system-getty.slice.
[[0;32m  OK  [0m] Started Getty on tty1.
[[0;32m  OK  [0m] Reached target Login Prompts.
[[0;32m  OK  [0m] Started LSB: Record successful boot for GRUB.
[[0;32m  OK  [0m] Started Authorization Manager.
[[0;32m  OK  [0m] Started Accounts Service.
[[0;32m  OK  [0m] Started OpenBSD Secure Shell server.
[[0;32m  OK  [0m] Started Virtualbox guest utils.
[[0;32m  OK  [0m] Started LXD - container startup/shutdown.
[[0;32m  OK  [0m] Started Dispatcher daemon for systemd-networkd.
[[0;32m  OK  [0m] Created slice User Slice of vagrant.
         Starting User Manager for UID 1000...
[[0;32m  OK  [0m] Started Session 1 of user vagrant.
[[0;32m  OK  [0m] Started Snap Daemon.
         Starting Wait until snapd is fully seeded...
[[0;32m  OK  [0m] Started Wait until snapd is fully seeded.
         Starting Apply the settings specified in cloud-config...
[[0;32m  OK  [0m] Reached target Multi-User System.
[[0;32m  OK  [0m] Reached target Graphical Interface.
         Starting Update UTMP about System Runlevel Changes...
[[0;32m  OK  [0m] Started Update UTMP about System Runlevel Changes.
[[0;32m  OK  [0m] Started User Manager for UID 1000.
[[0;32m  OK  [0m] Started Apply the settings specified in cloud-config.
         Starting Execute cloud user/final scripts...
[   20.789425] cloud-init[1321]: Cloud-init v. 19.2-24-ge7881d5c-0ubuntu1~18.04.1 running 'modules:config' at Tue, 13 Jul 2021 16:03:56 +0000. Up 20.36 seconds.
[   20.905232] cloud-init[1383]: Cloud-init v. 19.2-24-ge7881d5c-0ubuntu1~18.04.1 running 'modules:final' at Tue, 13 Jul 2021 16:03:56 +0000. Up 20.81 seconds.
[   20.918041] cloud-init[1383]: Cloud-init v. 19.2-24-ge7881d5c-0ubuntu1~18.04.1 finished at Tue, 13 Jul 2021 16:03:56 +0000. Datasource DataSourceNoCloud [seed=/dev/sdb][dsmode=net].  Up 20.90 seconds
[[0;32m  OK  [0m] Started Execute cloud user/final scripts.
         Starting Daily apt download activities...
[[0;32m  OK  [0m] Reached target Cloud-init target.

Ubuntu 18.04.3 LTS ubuntu-bionic ttyS0

ubuntu-bionic login: [[0;32m  OK  [0m] Stopped Load AppArmor profiles managed internally by snapd.
[[0;32m  OK  [0m] Stopped Wait until snapd is fully seeded.
[[0;32m  OK  [0m] Closed Socket activation for snappy daemon.
         Starting Load AppArmor profiles managed internally by snapd...
[[0;32m  OK  [0m] Started Load AppArmor profiles managed internally by snapd.
         Starting Socket activation for snappy daemon.
[[0;32m  OK  [0m] Listening on Socket activation for snappy daemon.
         Starting Wait until snapd is fully seeded...
         Starting Snap Daemon...
[[0;32m  OK  [0m] Started Snap Daemon.
[[0;32m  OK  [0m] Started Wait until snapd is fully seeded.
         Stopping Accounts Service...
[[0;32m  OK  [0m] Stopped Accounts Service.
         Starting Accounts Service...
[[0;32m  OK  [0m] Started Accounts Service.
         Stopping LSB: automatic crash report generation...
[[0;32m  OK  [0m] Stopped LSB: automatic crash report generation.
         Starting LSB: automatic crash report generation...
[[0;32m  OK  [0m] Started LSB: automatic crash report generation.
[[0;32m  OK  [0m] Stopped Daily apt upgrade and clean activities.
         Stopping Daily apt upgrade and clean activities.
[[0;32m  OK  [0m] Started Daily apt upgrade and clean activities.
[[0;32m  OK  [0m] Stopped Daily apt download activities.
         Stopping Daily apt download activities.
[[0;32m  OK  [0m] Started Daily apt download activities.
[[0;32m  OK  [0m] Created slice User Slice of vagrant.
         Starting User Manager for UID 1000...
[[0;32m  OK  [0m] Started Session 3 of user vagrant.
[[0;32m  OK  [0m] Started User Manager for UID 1000.
         Stopping LSB: Record successful boot for GRUB...
[[0;32m  OK  [0m] Stopped LSB: Record successful boot for GRUB.
         Starting LSB: Record successful boot for GRUB...
[[0;32m  OK  [0m] Started LSB: Record successful boot for GRUB.
[[0;32m  OK  [0m] Started Daily apt upgrade and clean activities.
